[2026-01-09T06:32:10.463Z] [API] {
  "method": "SYSTEM",
  "path": "/startup",
  "statusCode": 200,
  "timestamp": "2026-01-09T06:32:10.463Z"
}
[2026-01-09T06:33:24.845Z] [API] {
  "method": "SYSTEM",
  "path": "/startup",
  "statusCode": 200,
  "timestamp": "2026-01-09T06:33:24.845Z"
}
[2026-01-09T06:42:45.805Z] [API] {
  "method": "SYSTEM",
  "path": "/startup",
  "statusCode": 200,
  "timestamp": "2026-01-09T06:42:45.805Z"
}
[2026-01-09T06:49:51.864Z] [API] {
  "method": "SYSTEM",
  "path": "/startup",
  "statusCode": 200,
  "timestamp": "2026-01-09T06:49:51.864Z"
}
[2026-01-09T08:50:51.532Z] [API] {
  "method": "SYSTEM",
  "path": "/startup",
  "statusCode": 200,
  "timestamp": "2026-01-09T08:50:51.532Z"
}
